VPR FPGA Placement and Routing.
Version: 8.1.0-dev+dadca7ecf
Revision: v8.0.0-rc2-2909-gdadca7ecf
Compiled: 2022-11-01T10:23:35
Compiler: GNU 10.2.1 on Linux-5.4.0-faked aarch64
Build Info: release IPO VTR_ASSERT_LEVEL=2

University of Toronto
verilogtorouting.org
vtr-users@googlegroups.com
This is free open source code under MIT license.

VPR was run with the following command-line:
vpr /data/data/com.termux/files/home/symbiflow/quicklogic-arch-defs/share/arch/ql-eos-s3_wlcsp/arch.timing.xml helloworldfpga.eblif --device ql-eos-s3 --max_router_iterations 500 --routing_failure_predictor off --router_high_fanout_threshold -1 --constant_net_method route --route_chan_width 100 --clock_modeling route --place_delay_model delta_override --router_lookahead map --check_route quick --strict_checks off --allow_dangling_combinational_nodes on --disable_errors check_unbuffered_edges:check_route --congested_routing_iteration_threshold 0.8 --incremental_reroute_delay_ripup off --base_cost_type delay_normalized_length_bounded --bb_factor 10 --initial_pres_fac 4.0 --check_rr_graph off --suppress_warnings ,sum_pin_class:check_unbuffered_edges:load_rr_indexed_data_T_values:check_rr_node:trans_per_R:check_route:set_rr_graph_tool_comment:warn_model_missing_timing --read_rr_graph /data/data/com.termux/files/home/symbiflow/quicklogic-arch-defs/share/arch/ql-eos-s3_wlcsp/rr_graph_ql-eos-s3_wlcsp.rr_graph.real.bin --read_placement_delay_lookup /data/data/com.termux/files/home/symbiflow/quicklogic-arch-defs/share/arch/ql-eos-s3_wlcsp/rr_graph_ql-eos-s3_wlcsp.place_delay.bin --sdc_file /data/data/com.termux/files/home/fpga-examples/blink/build/helloworldfpga_dummy.sdc --route


Architecture file: /data/data/com.termux/files/home/symbiflow/quicklogic-arch-defs/share/arch/ql-eos-s3_wlcsp/arch.timing.xml
Circuit name: helloworldfpga

# Loading Architecture Description
# Loading Architecture Description took 1.44 seconds (max_rss 27.7 MiB, delta_rss +23.9 MiB)
# Building complex block graph
# Building complex block graph took 0.43 seconds (max_rss 34.4 MiB, delta_rss +6.8 MiB)
# Load circuit
# Load circuit took 0.00 seconds (max_rss 34.4 MiB, delta_rss +0.0 MiB)
# Clean circuit
Absorbed 15 LUT buffers
Inferred    3 additional primitive pins as constant generators since they have no combinationally connected inputs
Inferred    0 additional primitive pins as constant generators due to constant inputs
Inferred    0 additional primitive pins as constant generators since they have no combinationally connected inputs
Inferred    0 additional primitive pins as constant generators due to constant inputs
Inferred    0 additional primitive pins as constant generators since they have no combinationally connected inputs
Inferred    0 additional primitive pins as constant generators due to constant inputs
Swept input(s)      : 1
Swept output(s)     : 0 (0 dangling, 0 constant)
Swept net(s)        : 2
Swept block(s)      : 1
Constant Pins Marked: 3
# Clean circuit took 0.00 seconds (max_rss 34.4 MiB, delta_rss +0.0 MiB)
# Compress circuit
# Compress circuit took 0.00 seconds (max_rss 34.4 MiB, delta_rss +0.0 MiB)
# Verify circuit
# Verify circuit took 0.00 seconds (max_rss 34.4 MiB, delta_rss +0.0 MiB)
Circuit Statistics:
  Blocks: 14
    .input    :       3
    .output   :       2
    BIDIR_CELL:       5
    GND       :       1
    T_FRAG    :       2
    VCC       :       1
  Nets  : 12
    Avg Fanout:     2.6
    Max Fanout:    13.0
    Min Fanout:     1.0
  Netlist Clocks: 0
# Build Timing Graph
  Timing Graph Nodes: 43
  Timing Graph Edges: 55
  Timing Graph Levels: 8
# Build Timing Graph took 0.00 seconds (max_rss 34.4 MiB, delta_rss +0.0 MiB)
Netlist contains 0 clocks
# Load Timing Constraints

SDC file '/data/data/com.termux/files/home/fpga-examples/blink/build/helloworldfpga_dummy.sdc' contained no SDC commands
Setting default timing constraints:
   * constrain all primay inputs and primary outputs on a virtual external clock 'virtual_io_clock'
   * optimize virtual clock to run as fast as possible
Timing constraints created 1 clocks
  Constrained Clock 'virtual_io_clock' (Virtual Clock)

# Load Timing Constraints took 0.00 seconds (max_rss 34.4 MiB, delta_rss +0.0 MiB)
Timing analysis: ON
Circuit netlist file: helloworldfpga.net
Circuit placement file: helloworldfpga.place
Circuit routing file: helloworldfpga.route
Circuit SDC file: /data/data/com.termux/files/home/fpga-examples/blink/build/helloworldfpga_dummy.sdc

Packer: ENABLED
Placer: ENABLED
Router: ENABLED
Analysis: ENABLED

NetlistOpts.abosrb_buffer_luts            : true
NetlistOpts.sweep_dangling_primary_ios    : true
NetlistOpts.sweep_dangling_nets           : true
NetlistOpts.sweep_dangling_blocks         : true
NetlistOpts.sweep_constant_primary_outputs: false
NetlistOpts.netlist_verbosity             : 1
NetlistOpts.const_gen_inference           : COMB_SEQ

PackerOpts.allow_unrelated_clustering: auto
PackerOpts.alpha_clustering: 0.750000
PackerOpts.beta_clustering: 0.900000
PackerOpts.cluster_seed_type: BLEND2
PackerOpts.connection_driven: true
PackerOpts.global_clocks: true
PackerOpts.hill_climbing_flag: false
PackerOpts.inter_cluster_net_delay: 1.000000
PackerOpts.timing_driven: true
PackerOpts.target_external_pin_util: auto

PlacerOpts.place_freq: PLACE_ONCE
PlacerOpts.place_algorithm: CRITICALITY_TIMING_PLACE
PlacerOpts.pad_loc_type: FREE
PlacerOpts.constraints_file: No constraints file given
PlacerOpts.place_cost_exp: 1.000000
PlacerOpts.place_chan_width: 100
PlacerOpts.inner_loop_recompute_divider: 0
PlacerOpts.recompute_crit_iter: 1
PlacerOpts.timing_tradeoff: 0.500000
PlacerOpts.td_place_exp_first: 1.000000
PlacerOpts.td_place_exp_last: 8.000000
PlacerOpts.delay_offset: 0.000000
PlacerOpts.delay_ramp_delta_threshold: -1
PlacerOpts.delay_ramp_slope: 0.000000
PlacerOpts.tsu_rel_margin: 1.000000
PlacerOpts.tsu_abs_margin: 0.000000
PlacerOpts.post_place_timing_report_file: 
PlacerOpts.allowed_tiles_for_delay_model: 
PlacerOpts.delay_model_reducer: MIN
PlacerOpts.delay_model_type: DELTA_OVERRIDE
PlacerOpts.rlim_escape_fraction: 0.000000
PlacerOpts.move_stats_file: 
PlacerOpts.placement_saves_per_temperature: 0
PlacerOpts.effort_scaling: CIRCUIT
PlacerOpts.place_delta_delay_matrix_calculation_method: ASTAR_ROUTE
PlaceOpts.seed: 1
AnnealSched.type: AUTO_SCHED
AnnealSched.inner_num: 1.000000

RouterOpts.route_type: DETAILED
RouterOpts.router_algorithm: TIMING_DRIVEN
RouterOpts.base_cost_type: DELAY_NORMALIZED_LENGTH_BOUNDED
RouterOpts.fixed_channel_width: 100
RouterOpts.check_route: QUICK
RouterOpts.trim_empty_chan: false
RouterOpts.trim_obs_chan: false
RouterOpts.acc_fac: 1.000000
RouterOpts.bb_factor: 10
RouterOpts.bend_cost: 0.000000
RouterOpts.first_iter_pres_fac: 0.000000
RouterOpts.initial_pres_fac: 4.000000
RouterOpts.pres_fac_mult: 1.300000
RouterOpts.max_router_iterations: 500
RouterOpts.min_incremental_reroute_fanout: 16
RouterOpts.do_check_rr_graph: false
RouterOpts.verify_binary_search: false
RouterOpts.min_channel_width_hint: 0
RouterOpts.read_rr_edge_metadata: false
RouterOpts.exit_after_first_routing_iteration: false
RouterOpts.astar_fac: 1.200000
RouterOpts.criticality_exp: 1.000000
RouterOpts.max_criticality: 0.990000
RouterOpts.init_wirelength_abort_threshold: 0.850000
RouterOpts.save_routing_per_iteration: false
RouterOpts.congested_routing_iteration_threshold_frac: 0.800000
RouterOpts.high_fanout_threshold: -1
RouterOpts.router_debug_net: -2
RouterOpts.router_debug_sink_rr: -2
RouterOpts.router_debug_iteration: -2
RouterOpts.max_convergence_count: 1
RouterOpts.reconvergence_cpd_threshold: 0.990000
RouterOpts.update_lower_bound_delays: true
RouterOpts.first_iteration_timing_report_file: 
RouterOpts.incr_reroute_delay_ripup: OFF
RouterOpts.route_bb_update: DYNAMIC
RouterOpts.lookahead_type: MAP
RouterOpts.initial_timing: LOOKAHEAD
RouterOpts.router_heap: BINARY_HEAP
RouterOpts.routing_failure_predictor = OFF
RouterOpts.routing_budgets_algorithm = DISABLE

AnalysisOpts.gen_post_synthesis_netlist: false
AnalysisOpts.timing_report_npaths: 100
AnalysisOpts.timing_report_skew: false
AnalysisOpts.echo_dot_timing_graph_node: -1
AnalysisOpts.timing_report_detail: NETLIST

RoutingArch.directionality: BI_DIRECTIONAL
RoutingArch.switch_block_type: WILTON
RoutingArch.Fs: 3

# Load Packing
Begin loading packed FPGA netlist file.
Netlist generated from file 'helloworldfpga.net'.
Detected 2 constant generators (to see names run with higher pack verbosity)
Finished loading packed FPGA netlist file (took 0.019841 seconds).
# Load Packing took 0.03 seconds (max_rss 34.8 MiB, delta_rss +0.4 MiB)
Warning 1: Netlist contains 0 global net to non-global architecture pin connections
Warning 2: Logic block #6 ($false) has only 1 output pin '$false.GND0_GND[0]'. It may be a constant generator.
Warning 3: Logic block #7 ($true) has only 1 output pin '$true.VCC0_VCC[0]'. It may be a constant generator.

Netlist num_nets: 7
Netlist num_blocks: 8
Netlist EMPTY blocks: 0.
Netlist PB-GMUX blocks: 0.
Netlist PB-LOGIC blocks: 1.
Netlist PB-CLOCK blocks: 0.
Netlist PB-MULT blocks: 0.
Netlist PB-SDIOMUX blocks: 0.
Netlist PB-RAM blocks: 0.
Netlist PB-SYN_VCC blocks: 1.
Netlist PB-BIDIR blocks: 5.
Netlist PB-SYN_GND blocks: 1.
Netlist PB-ASSP blocks: 0.
Netlist inputs pins: 3
Netlist output pins: 12


Pb types usage...
  PB-LOGIC          : 1
   LOGIC            : 1
    FRAGS           : 1
     c_frag_modes   : 1
      SPLIT         : 1
       b_frag       : 1
       t_frag       : 1
  PB-SYN_VCC        : 1
   VCC              : 1
  PB-BIDIR          : 5
   BIDIR            : 5
    INPUT           : 3
     bidir          : 3
     inpad          : 3
    OUTPUT          : 2
     bidir          : 2
     outpad         : 2
  PB-SYN_GND        : 1
   GND              : 1

# Create Device
## Build Device Grid
FPGA sized to 39 x 35: 1365 grid tiles (ql-eos-s3)

Resource usage...
	Netlist
		0	blocks of type: PB-GMUX
	Architecture
		5	blocks of type: TL-GMUX
	Netlist
		1	blocks of type: PB-LOGIC
	Architecture
		891	blocks of type: TL-LOGIC
	Netlist
		0	blocks of type: PB-CLOCK
	Architecture
		5	blocks of type: TL-CLOCK
	Netlist
		0	blocks of type: PB-MULT
	Architecture
		2	blocks of type: TL-MULT
	Netlist
		0	blocks of type: PB-SDIOMUX
	Architecture
		14	blocks of type: TL-SDIOMUX
	Netlist
		0	blocks of type: PB-RAM
	Architecture
		4	blocks of type: TL-RAM
	Netlist
		1	blocks of type: PB-SYN_VCC
	Architecture
		1	blocks of type: TL-SYN_VCC
	Netlist
		5	blocks of type: PB-BIDIR
	Architecture
		32	blocks of type: TL-BIDIR
	Netlist
		1	blocks of type: PB-SYN_GND
	Architecture
		1	blocks of type: TL-SYN_GND
	Netlist
		0	blocks of type: PB-ASSP
	Architecture
		1	blocks of type: TL-ASSP

Device Utilization: 0.01 (target 1.00)
	Physical Tile TL-LOGIC:
	Block Utilization: 0.00 Logical Block: PB-LOGIC
	Physical Tile TL-RAM:
	Block Utilization: 0.00 Logical Block: PB-RAM
	Physical Tile TL-MULT:
	Block Utilization: 0.00 Logical Block: PB-MULT
	Physical Tile TL-BIDIR:
	Block Utilization: 0.16 Logical Block: PB-BIDIR
	Physical Tile TL-CLOCK:
	Block Utilization: 0.00 Logical Block: PB-CLOCK
	Physical Tile TL-SDIOMUX:
	Block Utilization: 0.00 Logical Block: PB-SDIOMUX
	Physical Tile TL-GMUX:
	Block Utilization: 0.00 Logical Block: PB-GMUX
	Physical Tile TL-ASSP:
	Block Utilization: 0.00 Logical Block: PB-ASSP
	Physical Tile TL-SYN_VCC:
	Block Utilization: 1.00 Logical Block: PB-SYN_VCC
	Physical Tile TL-SYN_GND:
	Block Utilization: 1.00 Logical Block: PB-SYN_GND

## Build Device Grid took 0.02 seconds (max_rss 34.9 MiB, delta_rss +0.0 MiB)
## Loading routing resource graph


## Loading routing resource graph took 2.69 seconds (max_rss 342.8 MiB, delta_rss +307.8 MiB)
  RR Graph Nodes: 1396446
  RR Graph Edges: 2337988
# Create Device took 8.63 seconds (max_rss 390.2 MiB, delta_rss +355.3 MiB)

# Load Placement
Reading helloworldfpga.place.

Successfully read helloworldfpga.place.

# Load Placement took 0.00 seconds (max_rss 390.2 MiB, delta_rss +0.0 MiB)

# Computing router lookahead map
## Computing wire lookahead
Warning 4: Unable to find any sample location for segment CHANX type 'generic' (length 1)
Warning 5: Unable to find any sample location for segment CHANY type 'generic' (length 1)
Warning 6: Unable to find any sample location for segment CHANX type 'pad' (length 1)
Warning 7: Unable to find any sample location for segment CHANY type 'pad' (length 1)
## Computing wire lookahead took 100.87 seconds (max_rss 390.2 MiB, delta_rss +0.0 MiB)
## Computing src/opin lookahead
## Computing src/opin lookahead took 0.00 seconds (max_rss 390.2 MiB, delta_rss +0.0 MiB)
# Computing router lookahead map took 100.88 seconds (max_rss 390.2 MiB, delta_rss +0.0 MiB)
# Routing
  RR Graph Nodes: 1396446
  RR Graph Edges: 2337988
Confirming router algorithm: TIMING_DRIVEN.
## Initializing router criticalities
Initial Net Connection Criticality Histogram:
[        0:      0.1) 19 ( 76.0%) |************************************************
[      0.1:      0.2)  0 (  0.0%) |
[      0.2:      0.3)  0 (  0.0%) |
[      0.3:      0.4)  0 (  0.0%) |
[      0.4:      0.5)  0 (  0.0%) |
[      0.5:      0.6)  0 (  0.0%) |
[      0.6:      0.7)  0 (  0.0%) |
[      0.7:      0.8)  0 (  0.0%) |
[      0.8:      0.9)  0 (  0.0%) |
[      0.9:        1)  6 ( 24.0%) |***************
## Initializing router criticalities took 0.00 seconds (max_rss 448.3 MiB, delta_rss +0.0 MiB)
---- ------ ------- ---- ------- ------- ------- ----------------- --------------- -------- ---------- ---------- ---------- ---------- --------
Iter   Time    pres  BBs    Heap  Re-Rtd  Re-Rtd Overused RR Nodes      Wirelength      CPD       sTNS       sWNS       hTNS       hWNS Est Succ
      (sec)     fac Updt    push    Nets   Conns                                       (ns)       (ns)       (ns)       (ns)       (ns)     Iter
---- ------ ------- ---- ------- ------- ------- ----------------- --------------- -------- ---------- ---------- ---------- ---------- --------
   1    1.7     0.0    0 1122300       7      25      14 ( 0.001%)    1380 ( 0.1%)   39.515     -77.33    -39.515      0.000      0.000      N/A
   2    0.8     4.0    0  586635       4      22       3 ( 0.000%)    1390 ( 0.1%)   39.515     -77.33    -39.515      0.000      0.000      N/A
   3    0.7     5.2    0  467133       2       3       3 ( 0.000%)    1390 ( 0.1%)   39.515     -77.33    -39.515      0.000      0.000      N/A
   4    0.8     6.8    0  472319       2       3       3 ( 0.000%)    1390 ( 0.1%)   39.515     -77.33    -39.515      0.000      0.000      N/A
   5    0.7     8.8    0  465744       2       9       3 ( 0.000%)    1390 ( 0.1%)   39.515     -77.33    -39.515      0.000      0.000      N/A
   6    0.1    11.4    0  130996       1       7       3 ( 0.000%)    1385 ( 0.1%)   39.515     -77.33    -39.515      0.000      0.000      N/A
   7    0.2    14.9    0  148515       2      13       3 ( 0.000%)    1390 ( 0.1%)   39.515     -77.33    -39.515      0.000      0.000      N/A
   8    1.4    19.3    0 1098901       3      21       0 ( 0.000%)    1395 ( 0.1%)   39.515     -77.45    -39.515      0.000      0.000      N/A
Restoring best routing
Critical path: 39.5149 ns
Successfully routed after 8 routing iterations.
Final Net Connection Criticality Histogram:
[        0:      0.1) 19 ( 76.0%) |************************************************
[      0.1:      0.2)  0 (  0.0%) |
[      0.2:      0.3)  0 (  0.0%) |
[      0.3:      0.4)  0 (  0.0%) |
[      0.4:      0.5)  0 (  0.0%) |
[      0.5:      0.6)  0 (  0.0%) |
[      0.6:      0.7)  0 (  0.0%) |
[      0.7:      0.8)  0 (  0.0%) |
[      0.8:      0.9)  1 (  4.0%) |***
[      0.9:        1)  5 ( 20.0%) |*************
Router Stats: total_nets_routed: 23 total_connections_routed: 103 total_heap_pushes: 4492543 total_heap_pops: 4154028
# Routing took 11.06 seconds (max_rss 448.3 MiB, delta_rss +58.1 MiB)

Checking to ensure routing is legal...
Completed routing consistency check successfully.

Serial number (magic cookie) for the routing is: -17644527
Circuit successfully routed with a channel width factor of 100.

Incr Slack updates 9 in 0.000132692 sec
Full Max Req/Worst Slack updates 1 in 1.3e-05 sec
Incr Max Req/Worst Slack updates 8 in 4.2616e-05 sec
Incr Criticality updates 7 in 5.3074e-05 sec
Full Criticality updates 2 in 1.8309e-05 sec

Average number of bends per net: 147.143  Maximum # of bends: 199

Number of global nets: 0
Number of routed nets (nonglobal): 7
Wire length results (in units of 1 clb segments)...
	Total wirelength: 1399, average net length: 199.857
	Maximum net length: 318

Wire length results in terms of physical segments...
	Total wiring segments used: 1308, average wire segments per net: 186.857
	Maximum segments used by a net: 318
	Total local nets with reserved CLB opins: 0

Routing channel utilization histogram:
[        1:      inf)    0 (  0.0%) |
[      0.9:        1)   34 (  1.3%) |*
[      0.8:      0.9)    0 (  0.0%) |
[      0.7:      0.8)    0 (  0.0%) |
[      0.5:      0.6)    0 (  0.0%) |
[      0.4:      0.5)    2 (  0.1%) |
[      0.3:      0.4)    0 (  0.0%) |
[      0.2:      0.3)    0 (  0.0%) |
[      0.1:      0.2)    2 (  0.1%) |
[        0:      0.1) 2546 ( 98.5%) |**********************************************
Maximum routing channel utilization:         1 at (4,0)

X - Directed channels:   j max occ ave occ capacity
                      ---- ------- ------- --------
                         0       2   0.897        2
                         1       0   0.000      221
                         2       0   0.000        0
                         3      30   1.538      635
                         4      12   0.590      623
                         5      11   0.282      658
                         6       0   0.000      623
                         7       0   0.000      623
                         8      11   0.282      623
                         9      11   0.282      623
                        10       0   0.000      665
                        11       0   0.000      623
                        12      11   0.282      647
                        13      11   0.282      623
                        14       0   0.000      623
                        15       0   0.000      623
                        16      11   0.282      623
                        17      11   0.282      623
                        18       0   0.000      725
                        19       0   0.000      623
                        20      11   0.282      623
                        21      11   0.282      623
                        22       0   0.000      623
                        23       0   0.000      623
                        24      20   1.564      623
                        25     130   4.128      657
                        26       5   0.128      634
                        27       0   0.000      623
                        28      11   0.846      623
                        29       0   0.000      624
                        30       0   0.000      625
                        31       0   0.000      626
                        32      29   2.538      786
                        33       0   0.000      269
Y - Directed channels:   i max occ ave occ capacity
                      ---- ------- ------- --------
                         0       0   0.000        2
                         1       0   0.000      287
                         2       1   0.029        4
                         3       1   0.029      848
                         4      29   2.600      874
                         5       0   0.000      819
                         6       0   0.000      760
                         7       0   0.000      761
                         8      12   1.171      761
                         9       0   0.000      761
                        10      29   3.457      757
                        11       0   0.000      775
                        12      30   1.857      757
                        13       0   0.000      761
                        14     127  10.714      761
                        15       0   0.000      761
                        16       7   0.200      761
                        17       0   0.000      761
                        18       0   0.000      761
                        19       0   0.000      816
                        20      29   3.457      761
                        21       0   0.000      883
                        22       0   0.000      761
                        23       0   0.000      761
                        24       0   0.000      761
                        25       0   0.000      761
                        26       0   0.000      757
                        27       0   0.000      775
                        28       0   0.000      757
                        29       0   0.000      761
                        30       0   0.000      761
                        31       0   0.000      761
                        32       0   0.000      761
                        33       0   0.000      763
                        34       0   0.000      762
                        35       0   0.000      764
                        36       0   0.000     1024
                        37       0   0.000      164

Total tracks in x-direction: 19611, in y-direction: 27046

Logic area (in minimum width transistor areas, excludes I/Os and empty grid tiles)...
	Total logic block area (Warning, need to add pitch of routing to blocks with height > 3): 1.3515e+07
	Total used logic block area: 45000

Routing area (in minimum width transistor areas)...
	Assuming no buffer sharing (pessimistic). Total: 1.07847e+09, per logic tile: 790090.
	Assuming buffer sharing (slightly optimistic). Total: 8.38760e+08, per logic tile: 614476.


Segment usage by type (index):    name type utilization
                               ------- ---- -----------
                                  sbox    2    0.000601
                                   vcc    3      0.0466
                                   gnd    4      0.0463
                                  hop1    5    0.000417
                                  hop2    6    0.000799
                                  hop3    7           0
                                  hop4    8     0.00431
                                 clock    9           0
                               special   10           0

Segment usage by length: length utilization
                         ------ -----------
                              1    0.000811
                              2    0.000799
                              3           0
                              4     0.00431


Final hold Worst Negative Slack (hWNS): 0 ns
Final hold Total Negative Slack (hTNS): 0 ns

Final hold slack histogram:
[  3.4e-08:  3.4e-08) 1 ( 50.0%) |**************************************************
[  3.4e-08:  3.5e-08) 0 (  0.0%) |
[  3.5e-08:  3.5e-08) 0 (  0.0%) |
[  3.5e-08:  3.5e-08) 0 (  0.0%) |
[  3.5e-08:  3.5e-08) 0 (  0.0%) |
[  3.5e-08:  3.6e-08) 0 (  0.0%) |
[  3.6e-08:  3.6e-08) 0 (  0.0%) |
[  3.6e-08:  3.6e-08) 0 (  0.0%) |
[  3.6e-08:  3.6e-08) 0 (  0.0%) |
[  3.6e-08:  3.7e-08) 1 ( 50.0%) |**************************************************

Final critical path delay (least slack): 39.5149 ns, Fmax: 25.3069 MHz
Final setup Worst Negative Slack (sWNS): -39.5149 ns
Final setup Total Negative Slack (sTNS): -77.4504 ns

Final setup slack histogram:
[   -4e-08: -3.9e-08) 1 ( 50.0%) |**************************************************
[ -3.9e-08: -3.9e-08) 0 (  0.0%) |
[ -3.9e-08: -3.9e-08) 0 (  0.0%) |
[ -3.9e-08: -3.9e-08) 0 (  0.0%) |
[ -3.9e-08: -3.9e-08) 0 (  0.0%) |
[ -3.9e-08: -3.9e-08) 0 (  0.0%) |
[ -3.9e-08: -3.8e-08) 0 (  0.0%) |
[ -3.8e-08: -3.8e-08) 0 (  0.0%) |
[ -3.8e-08: -3.8e-08) 0 (  0.0%) |
[ -3.8e-08: -3.8e-08) 1 ( 50.0%) |**************************************************

Final geomean non-virtual intra-domain period: nan ns (nan MHz)
Final fanout-weighted geomean non-virtual intra-domain period: nan ns (nan MHz)

Incr Slack updates 1 in 1.9769e-05 sec
Full Max Req/Worst Slack updates 1 in 1.0539e-05 sec
Incr Max Req/Worst Slack updates 0 in 0 sec
Incr Criticality updates 0 in 0 sec
Full Criticality updates 1 in 1.077e-05 sec
Flow timing analysis took 0.00207569 seconds (0.00164431 STA, 0.000431385 slack) (10 full updates: 0 setup, 0 hold, 10 combined).
VPR succeeded
The entire flow of VPR took 122.76 seconds (max_rss 448.3 MiB)
