
 /----------------------------------------------------------------------------\
 |                                                                            |
 |  yosys -- Yosys Open SYnthesis Suite                                       |
 |                                                                            |
 |  Copyright (C) 2012 - 2020  Claire Wolf <claire@symbioticeda.com>          |
 |                                                                            |
 |  Permission to use, copy, modify, and/or distribute this software for any  |
 |  purpose with or without fee is hereby granted, provided that the above    |
 |  copyright notice and this permission notice appear in all copies.         |
 |                                                                            |
 |  THE SOFTWARE IS PROVIDED "AS IS" AND THE AUTHOR DISCLAIMS ALL WARRANTIES  |
 |  WITH REGARD TO THIS SOFTWARE INCLUDING ALL IMPLIED WARRANTIES OF          |
 |  MERCHANTABILITY AND FITNESS. IN NO EVENT SHALL THE AUTHOR BE LIABLE FOR   |
 |  ANY SPECIAL, DIRECT, INDIRECT, OR CONSEQUENTIAL DAMAGES OR ANY DAMAGES    |
 |  WHATSOEVER RESULTING FROM LOSS OF USE, DATA OR PROFITS, WHETHER IN AN     |
 |  ACTION OF CONTRACT, NEGLIGENCE OR OTHER TORTIOUS ACTION, ARISING OUT OF   |
 |  OR IN CONNECTION WITH THE USE OR PERFORMANCE OF THIS SOFTWARE.            |
 |                                                                            |
 \----------------------------------------------------------------------------/

 Yosys 0.9+2406 (git sha1 ca763e6d5, gcc 10.2.1-6 -fPIC -Os)


-- Parsing `/data/data/com.termux/files/home/fpga-examples/blink/helloworldfpga.v' using frontend `verilog' --

1. Executing Verilog-2005 frontend: /data/data/com.termux/files/home/fpga-examples/blink/helloworldfpga.v
Parsing Verilog input from `/data/data/com.termux/files/home/fpga-examples/blink/helloworldfpga.v' to AST representation.
Generating RTLIL representation for module `\helloworldfpga'.
Warning: wire '\A' is assigned in a block at /data/data/com.termux/files/home/fpga-examples/blink/helloworldfpga.v:27.1-27.8.
Warning: wire '\B' is assigned in a block at /data/data/com.termux/files/home/fpga-examples/blink/helloworldfpga.v:28.1-28.8.
Successfully finished Verilog frontend.

-- Running command `tcl /data/data/com.termux/files/home/symbiflow/quicklogic-arch-defs/share/quicklogic/synth.tcl' --
[TCL: yosys -import] Command name collision: found pre-existing command `cd' -> skip.
[TCL: yosys -import] Command name collision: found pre-existing command `eval' -> skip.
[TCL: yosys -import] Command name collision: found pre-existing command `exec' -> skip.
[TCL: yosys -import] Command name collision: found pre-existing command `read' -> skip.
[TCL: yosys -import] Command name collision: found pre-existing command `trace' -> skip.

2. Executing Verilog-2005 frontend: /data/data/com.termux/files/home/symbiflow/quicklogic-arch-defs/share/techmaps/quicklogic/pp3/techmap/cells_sim.v
Parsing Verilog input from `/data/data/com.termux/files/home/symbiflow/quicklogic-arch-defs/share/techmaps/quicklogic/pp3/techmap/cells_sim.v' to AST representation.
Generating RTLIL representation for module `\VCC'.
Generating RTLIL representation for module `\GND'.
Generating RTLIL representation for module `\fpga_interconnect'.
Generating RTLIL representation for module `\CLOCK_CELL'.
Generating RTLIL representation for module `\BIDIR_CELL'.
Generating RTLIL representation for module `\SDIOMUX_CELL'.
Generating RTLIL representation for module `\T_FRAG'.
Generating RTLIL representation for module `\B_FRAG'.
Generating RTLIL representation for module `\Q_FRAG'.
Generating RTLIL representation for module `\F_FRAG'.
Generating RTLIL representation for module `\C_FRAG'.
Generating RTLIL representation for module `\ASSP'.
Generating RTLIL representation for module `\MULT'.
Generating RTLIL representation for module `\GMUX_IP'.
Generating RTLIL representation for module `\GMUX_IC'.
Successfully finished Verilog frontend.

3. Executing Verilog-2005 frontend: /data/data/com.termux/files/home/symbiflow/quicklogic-arch-defs/bin/../share/arch/ql-eos-s3_wlcsp/cells/ram_sim.v
Parsing Verilog input from `/data/data/com.termux/files/home/symbiflow/quicklogic-arch-defs/bin/../share/arch/ql-eos-s3_wlcsp/cells/ram_sim.v' to AST representation.
Generating RTLIL representation for module `\RAM_CE0_FE0_PR0_WSA0_WSB0_VPR'.
Generating RTLIL representation for module `\RAM_CE0_FE0_PR0_WSA0_WSB1_VPR'.
Generating RTLIL representation for module `\RAM_CE0_FE0_PR0_WSA1_WSB0_VPR'.
Generating RTLIL representation for module `\RAM_CE0_FE0_PR0_WSA1_WSB1_VPR'.
Generating RTLIL representation for module `\RAM_CE0_FE0_PR1_WSA0_WSB0_VPR'.
Generating RTLIL representation for module `\RAM_CE0_FE0_PR1_WSA0_WSB1_VPR'.
Generating RTLIL representation for module `\RAM_CE0_FE0_PR1_WSA1_WSB0_VPR'.
Generating RTLIL representation for module `\RAM_CE0_FE0_PR1_WSA1_WSB1_VPR'.
Generating RTLIL representation for module `\RAM_CE0_FE1_D0_PR0_WSA0_WSB0_VPR'.
Generating RTLIL representation for module `\RAM_CE0_FE1_D0_PR0_WSA0_WSB1_VPR'.
Generating RTLIL representation for module `\RAM_CE0_FE1_D0_PR0_WSA1_WSB0_VPR'.
Generating RTLIL representation for module `\RAM_CE0_FE1_D0_PR0_WSA1_WSB1_VPR'.
Generating RTLIL representation for module `\RAM_CE0_FE1_D0_PR1_WSA0_WSB0_VPR'.
Generating RTLIL representation for module `\RAM_CE0_FE1_D0_PR1_WSA0_WSB1_VPR'.
Generating RTLIL representation for module `\RAM_CE0_FE1_D0_PR1_WSA1_WSB0_VPR'.
Generating RTLIL representation for module `\RAM_CE0_FE1_D0_PR1_WSA1_WSB1_VPR'.
Generating RTLIL representation for module `\RAM_CE0_FE1_D1_PR0_WSA0_WSB0_VPR'.
Generating RTLIL representation for module `\RAM_CE0_FE1_D1_PR0_WSA0_WSB1_VPR'.
Generating RTLIL representation for module `\RAM_CE0_FE1_D1_PR0_WSA1_WSB0_VPR'.
Generating RTLIL representation for module `\RAM_CE0_FE1_D1_PR0_WSA1_WSB1_VPR'.
Generating RTLIL representation for module `\RAM_CE0_FE1_D1_PR1_WSA0_WSB0_VPR'.
Generating RTLIL representation for module `\RAM_CE0_FE1_D1_PR1_WSA0_WSB1_VPR'.
Generating RTLIL representation for module `\RAM_CE0_FE1_D1_PR1_WSA1_WSB0_VPR'.
Generating RTLIL representation for module `\RAM_CE0_FE1_D1_PR1_WSA1_WSB1_VPR'.
Generating RTLIL representation for module `\RAM_CE1_FE0_PR0_WSA0_WSB0_VPR'.
Generating RTLIL representation for module `\RAM_CE1_FE0_PR0_WSA0_WSB1_VPR'.
Generating RTLIL representation for module `\RAM_CE1_FE0_PR0_WSA0_WSB2_VPR'.
Generating RTLIL representation for module `\RAM_CE1_FE0_PR0_WSA1_WSB0_VPR'.
Generating RTLIL representation for module `\RAM_CE1_FE0_PR0_WSA1_WSB1_VPR'.
Generating RTLIL representation for module `\RAM_CE1_FE0_PR0_WSA1_WSB2_VPR'.
Generating RTLIL representation for module `\RAM_CE1_FE0_PR0_WSA2_WSB0_VPR'.
Generating RTLIL representation for module `\RAM_CE1_FE0_PR0_WSA2_WSB1_VPR'.
Generating RTLIL representation for module `\RAM_CE1_FE0_PR0_WSA2_WSB2_VPR'.
Generating RTLIL representation for module `\RAM_CE1_FE0_PR1_WSA0_WSB0_VPR'.
Generating RTLIL representation for module `\RAM_CE1_FE0_PR1_WSA0_WSB1_VPR'.
Generating RTLIL representation for module `\RAM_CE1_FE0_PR1_WSA0_WSB2_VPR'.
Generating RTLIL representation for module `\RAM_CE1_FE0_PR1_WSA1_WSB0_VPR'.
Generating RTLIL representation for module `\RAM_CE1_FE0_PR1_WSA1_WSB1_VPR'.
Generating RTLIL representation for module `\RAM_CE1_FE0_PR1_WSA1_WSB2_VPR'.
Generating RTLIL representation for module `\RAM_CE1_FE0_PR1_WSA2_WSB0_VPR'.
Generating RTLIL representation for module `\RAM_CE1_FE0_PR1_WSA2_WSB1_VPR'.
Generating RTLIL representation for module `\RAM_CE1_FE0_PR1_WSA2_WSB2_VPR'.
Generating RTLIL representation for module `\RAM_CE1_FE1_D0_PR0_WSA0_WSB0_VPR'.
Generating RTLIL representation for module `\RAM_CE1_FE1_D0_PR0_WSA0_WSB1_VPR'.
Generating RTLIL representation for module `\RAM_CE1_FE1_D0_PR0_WSA0_WSB2_VPR'.
Generating RTLIL representation for module `\RAM_CE1_FE1_D0_PR0_WSA1_WSB0_VPR'.
Generating RTLIL representation for module `\RAM_CE1_FE1_D0_PR0_WSA1_WSB1_VPR'.
Generating RTLIL representation for module `\RAM_CE1_FE1_D0_PR0_WSA1_WSB2_VPR'.
Generating RTLIL representation for module `\RAM_CE1_FE1_D0_PR0_WSA2_WSB0_VPR'.
Generating RTLIL representation for module `\RAM_CE1_FE1_D0_PR0_WSA2_WSB1_VPR'.
Generating RTLIL representation for module `\RAM_CE1_FE1_D0_PR0_WSA2_WSB2_VPR'.
Generating RTLIL representation for module `\RAM_CE1_FE1_D0_PR1_WSA0_WSB0_VPR'.
Generating RTLIL representation for module `\RAM_CE1_FE1_D0_PR1_WSA0_WSB1_VPR'.
Generating RTLIL representation for module `\RAM_CE1_FE1_D0_PR1_WSA0_WSB2_VPR'.
Generating RTLIL representation for module `\RAM_CE1_FE1_D0_PR1_WSA1_WSB0_VPR'.
Generating RTLIL representation for module `\RAM_CE1_FE1_D0_PR1_WSA1_WSB1_VPR'.
Generating RTLIL representation for module `\RAM_CE1_FE1_D0_PR1_WSA1_WSB2_VPR'.
Generating RTLIL representation for module `\RAM_CE1_FE1_D0_PR1_WSA2_WSB0_VPR'.
Generating RTLIL representation for module `\RAM_CE1_FE1_D0_PR1_WSA2_WSB1_VPR'.
Generating RTLIL representation for module `\RAM_CE1_FE1_D0_PR1_WSA2_WSB2_VPR'.
Generating RTLIL representation for module `\RAM_CE1_FE1_D1_PR0_WSA0_WSB0_VPR'.
Generating RTLIL representation for module `\RAM_CE1_FE1_D1_PR0_WSA0_WSB1_VPR'.
Generating RTLIL representation for module `\RAM_CE1_FE1_D1_PR0_WSA0_WSB2_VPR'.
Generating RTLIL representation for module `\RAM_CE1_FE1_D1_PR0_WSA1_WSB0_VPR'.
Generating RTLIL representation for module `\RAM_CE1_FE1_D1_PR0_WSA1_WSB1_VPR'.
Generating RTLIL representation for module `\RAM_CE1_FE1_D1_PR0_WSA1_WSB2_VPR'.
Generating RTLIL representation for module `\RAM_CE1_FE1_D1_PR0_WSA2_WSB0_VPR'.
Generating RTLIL representation for module `\RAM_CE1_FE1_D1_PR0_WSA2_WSB1_VPR'.
Generating RTLIL representation for module `\RAM_CE1_FE1_D1_PR0_WSA2_WSB2_VPR'.
Generating RTLIL representation for module `\RAM_CE1_FE1_D1_PR1_WSA0_WSB0_VPR'.
Generating RTLIL representation for module `\RAM_CE1_FE1_D1_PR1_WSA0_WSB1_VPR'.
Generating RTLIL representation for module `\RAM_CE1_FE1_D1_PR1_WSA0_WSB2_VPR'.
Generating RTLIL representation for module `\RAM_CE1_FE1_D1_PR1_WSA1_WSB0_VPR'.
Generating RTLIL representation for module `\RAM_CE1_FE1_D1_PR1_WSA1_WSB1_VPR'.
Generating RTLIL representation for module `\RAM_CE1_FE1_D1_PR1_WSA1_WSB2_VPR'.
Generating RTLIL representation for module `\RAM_CE1_FE1_D1_PR1_WSA2_WSB0_VPR'.
Generating RTLIL representation for module `\RAM_CE1_FE1_D1_PR1_WSA2_WSB1_VPR'.
Generating RTLIL representation for module `\RAM_CE1_FE1_D1_PR1_WSA2_WSB2_VPR'.
Successfully finished Verilog frontend.

4. Executing SYNTH_QUICKLOGIC pass.

4.1. Executing Verilog-2005 frontend: /bin/../share/yosys/quicklogic/cells_sim.v
Parsing Verilog input from `/bin/../share/yosys/quicklogic/cells_sim.v' to AST representation.
Generating RTLIL representation for module `\inv'.
Generating RTLIL representation for module `\buff'.
Generating RTLIL representation for module `\logic_0'.
Generating RTLIL representation for module `\logic_1'.
Generating RTLIL representation for module `\gclkbuff'.
Successfully finished Verilog frontend.

4.2. Executing Verilog-2005 frontend: /bin/../share/yosys/quicklogic/pp3_cells_sim.v
Parsing Verilog input from `/bin/../share/yosys/quicklogic/pp3_cells_sim.v' to AST representation.
Generating RTLIL representation for module `\LUT1'.
Generating RTLIL representation for module `\LUT2'.
Generating RTLIL representation for module `\LUT3'.
Generating RTLIL representation for module `\LUT4'.
Generating RTLIL representation for module `\inpad'.
Generating RTLIL representation for module `\outpad'.
Generating RTLIL representation for module `\ckpad'.
Generating RTLIL representation for module `\bipad'.
Generating RTLIL representation for module `\dff'.
Generating RTLIL representation for module `\dffc'.
Generating RTLIL representation for module `\dffp'.
Generating RTLIL representation for module `\dffpc'.
Generating RTLIL representation for module `\dffe'.
Generating RTLIL representation for module `\dffec'.
Generating RTLIL representation for module `\dffepc'.
Generating RTLIL representation for module `\AND2I0'.
Generating RTLIL representation for module `\mux2x0'.
Generating RTLIL representation for module `\mux2x1'.
Generating RTLIL representation for module `\mux4x0'.
Generating RTLIL representation for module `\mux8x0'.
Generating RTLIL representation for module `\logic_cell_macro'.
Generating RTLIL representation for module `\ahb_gen_bfm'.
Generating RTLIL representation for module `\oscillator_s1'.
Generating RTLIL representation for module `\sdma_bfm'.
Generating RTLIL representation for module `\ahb2fb_asynbrig_if'.
Generating RTLIL representation for module `\fb2ahb_asynbrig_if'.
Generating RTLIL representation for module `\ahb2fb_asynbrig'.
Generating RTLIL representation for module `\qlal4s3b_cell_macro_bfm'.
Generating RTLIL representation for module `\qlal4s3b_cell_macro'.
Generating RTLIL representation for module `\fifo_controller_model'.
Generating RTLIL representation for module `\ram'.
Warning: Replacing memory \ram with list of registers. See /bin/../share/yosys/quicklogic/pp3_cells_sim.v:3671, /bin/../share/yosys/quicklogic/pp3_cells_sim.v:3585, /bin/../share/yosys/quicklogic/pp3_cells_sim.v:3560
Generating RTLIL representation for module `\x2_model'.
Generating RTLIL representation for module `\ram_block_8K'.
Generating RTLIL representation for module `\sw_mux'.
Generating RTLIL representation for module `\ram8k_2x1_cell'.
Generating RTLIL representation for module `\ram8k_2x1_cell_macro'.
Generating RTLIL representation for module `\gpio_cell_macro'.
Generating RTLIL representation for module `\qlal4s3_mult_32x32_cell'.
Generating RTLIL representation for module `\qlal4s3_mult_16x16_cell'.
Generating RTLIL representation for module `\signed_mult'.
Generating RTLIL representation for module `\qlal4s3_mult_cell_macro'.
Generating RTLIL representation for module `\RAM_8K_BLK'.
Generating RTLIL representation for module `\RAM_16K_BLK'.
Generating RTLIL representation for module `\FIFO_8K_BLK'.
Generating RTLIL representation for module `\FIFO_16K_BLK'.
Successfully finished Verilog frontend.

4.3. Executing HIERARCHY pass (managing design hierarchy).

4.3.1. Finding top of design hierarchy..
root of   0 design levels: helloworldfpga      
Automatically selected helloworldfpga as design top module.

4.3.2. Analyzing design hierarchy..
Top module:  \helloworldfpga

4.3.3. Analyzing design hierarchy..
Top module:  \helloworldfpga
Removed 0 unused modules.

4.4. Executing PROC pass (convert processes to netlists).

4.4.1. Executing PROC_CLEAN pass (remove empty switches from decision trees).
Cleaned up 0 empty switches.

4.4.2. Executing PROC_RMDEAD pass (remove dead branches from decision trees).
Marked 1 switch rules as full_case in process $proc$/data/data/com.termux/files/home/symbiflow/quicklogic-arch-defs/share/techmaps/quicklogic/pp3/techmap/cells_sim.v:4781$38 in module MULT.
Marked 2 switch rules as full_case in process $proc$/data/data/com.termux/files/home/symbiflow/quicklogic-arch-defs/share/techmaps/quicklogic/pp3/techmap/cells_sim.v:242$20 in module Q_FRAG.
Removed a total of 0 dead cases.

4.4.3. Executing PROC_PRUNE pass (remove redundant assignments in processes).
Removed 0 redundant assignments.
Promoted 3 assignments to connections.

4.4.4. Executing PROC_INIT pass (extract init attributes).
Found init rule in `\Q_FRAG.$proc$/data/data/com.termux/files/home/symbiflow/quicklogic-arch-defs/share/techmaps/quicklogic/pp3/techmap/cells_sim.v:0$21'.
  Set init value: \QZ = 1'0

4.4.5. Executing PROC_ARST pass (detect async resets in processes).
Found async reset \QST in `\Q_FRAG.$proc$/data/data/com.termux/files/home/symbiflow/quicklogic-arch-defs/share/techmaps/quicklogic/pp3/techmap/cells_sim.v:242$20'.
Found async reset \QRT in `\Q_FRAG.$proc$/data/data/com.termux/files/home/symbiflow/quicklogic-arch-defs/share/techmaps/quicklogic/pp3/techmap/cells_sim.v:242$20'.

4.4.6. Executing PROC_MUX pass (convert decision trees to multiplexers).
Creating decoders for process `\MULT.$proc$/data/data/com.termux/files/home/symbiflow/quicklogic-arch-defs/share/techmaps/quicklogic/pp3/techmap/cells_sim.v:4781$38'.
     1/2: $0\Cmult[63:0] [63:32]
     2/2: $0\Cmult[63:0] [31:0]
Creating decoders for process `\Q_FRAG.$proc$/data/data/com.termux/files/home/symbiflow/quicklogic-arch-defs/share/techmaps/quicklogic/pp3/techmap/cells_sim.v:0$21'.
Creating decoders for process `\Q_FRAG.$proc$/data/data/com.termux/files/home/symbiflow/quicklogic-arch-defs/share/techmaps/quicklogic/pp3/techmap/cells_sim.v:242$20'.
     1/1: $0\QZ[0:0]
Creating decoders for process `\helloworldfpga.$proc$/data/data/com.termux/files/home/fpga-examples/blink/helloworldfpga.v:23$1'.

4.4.7. Executing PROC_DLATCH pass (convert process syncs to latches).
No latch inferred for signal `\helloworldfpga.\A' from process `\helloworldfpga.$proc$/data/data/com.termux/files/home/fpga-examples/blink/helloworldfpga.v:23$1'.
No latch inferred for signal `\helloworldfpga.\B' from process `\helloworldfpga.$proc$/data/data/com.termux/files/home/fpga-examples/blink/helloworldfpga.v:23$1'.

4.4.8. Executing PROC_DFF pass (convert process syncs to FFs).
Creating register for signal `\MULT.\Cmult' using process `\MULT.$proc$/data/data/com.termux/files/home/symbiflow/quicklogic-arch-defs/share/techmaps/quicklogic/pp3/techmap/cells_sim.v:4781$38'.
  created direct connection (no actual register cell created).
Creating register for signal `\Q_FRAG.\QZ' using process `\Q_FRAG.$proc$/data/data/com.termux/files/home/symbiflow/quicklogic-arch-defs/share/techmaps/quicklogic/pp3/techmap/cells_sim.v:242$20'.
Warning: Complex async reset for dff `\QZ'.
  created $dffsr cell `$procdff$889' with positive edge clock and multiple level-sensitive resets.

4.4.9. Executing PROC_CLEAN pass (remove empty switches from decision trees).
Found and cleaned up 4 empty switches in `\MULT.$proc$/data/data/com.termux/files/home/symbiflow/quicklogic-arch-defs/share/techmaps/quicklogic/pp3/techmap/cells_sim.v:4781$38'.
Removing empty process `MULT.$proc$/data/data/com.termux/files/home/symbiflow/quicklogic-arch-defs/share/techmaps/quicklogic/pp3/techmap/cells_sim.v:4781$38'.
Removing empty process `Q_FRAG.$proc$/data/data/com.termux/files/home/symbiflow/quicklogic-arch-defs/share/techmaps/quicklogic/pp3/techmap/cells_sim.v:0$21'.
Found and cleaned up 1 empty switch in `\Q_FRAG.$proc$/data/data/com.termux/files/home/symbiflow/quicklogic-arch-defs/share/techmaps/quicklogic/pp3/techmap/cells_sim.v:242$20'.
Removing empty process `Q_FRAG.$proc$/data/data/com.termux/files/home/symbiflow/quicklogic-arch-defs/share/techmaps/quicklogic/pp3/techmap/cells_sim.v:242$20'.
Removing empty process `helloworldfpga.$proc$/data/data/com.termux/files/home/fpga-examples/blink/helloworldfpga.v:23$1'.
Cleaned up 5 empty switches.

4.5. Executing FLATTEN pass (flatten design).

4.6. Executing TRIBUF pass.

4.7. Executing OPT_EXPR pass (perform const folding).
Optimizing module helloworldfpga.

4.8. Executing OPT_CLEAN pass (remove unused cells and wires).
Finding unused cells or wires in module \helloworldfpga..
Removed 0 unused cells and 4 unused wires.
<suppressed ~1 debug messages>

4.9. Executing DEMINOUT pass (demote inout ports to input or output).

4.10. Executing OPT pass (performing simple optimizations).

4.10.1. Executing OPT_EXPR pass (perform const folding).
Optimizing module helloworldfpga.

4.10.2. Executing OPT_MERGE pass (detect identical cells).
Finding identical cells in module `\helloworldfpga'.
Removed a total of 0 cells.

4.10.3. Executing OPT_MUXTREE pass (detect dead branches in mux trees).
Running muxtree optimizer on module \helloworldfpga..
  Creating internal representation of mux trees.
  No muxes found in this module.
Removed 0 multiplexer ports.

4.10.4. Executing OPT_REDUCE pass (consolidate $*mux and $reduce_* inputs).
  Optimizing cells in module \helloworldfpga.
Performed a total of 0 changes.

4.10.5. Executing OPT_MERGE pass (detect identical cells).
Finding identical cells in module `\helloworldfpga'.
Removed a total of 0 cells.

4.10.6. Executing OPT_RMDFF pass (remove dff with constant values).

4.10.7. Executing OPT_CLEAN pass (remove unused cells and wires).
Finding unused cells or wires in module \helloworldfpga..

4.10.8. Executing OPT_EXPR pass (perform const folding).
Optimizing module helloworldfpga.

4.10.9. Finished OPT passes. (There is nothing left to do.)

4.11. Executing OPT_EXPR pass (perform const folding).
Optimizing module helloworldfpga.

4.12. Executing OPT_CLEAN pass (remove unused cells and wires).
Finding unused cells or wires in module \helloworldfpga..

4.13. Executing CHECK pass (checking for obvious problems).
checking module helloworldfpga..
found and reported 0 problems.

4.14. Executing OPT pass (performing simple optimizations).

4.14.1. Executing OPT_EXPR pass (perform const folding).
Optimizing module helloworldfpga.

4.14.2. Executing OPT_MERGE pass (detect identical cells).
Finding identical cells in module `\helloworldfpga'.
Removed a total of 0 cells.

4.14.3. Executing OPT_MUXTREE pass (detect dead branches in mux trees).
Running muxtree optimizer on module \helloworldfpga..
  Creating internal representation of mux trees.
  No muxes found in this module.
Removed 0 multiplexer ports.

4.14.4. Executing OPT_REDUCE pass (consolidate $*mux and $reduce_* inputs).
  Optimizing cells in module \helloworldfpga.
Performed a total of 0 changes.

4.14.5. Executing OPT_MERGE pass (detect identical cells).
Finding identical cells in module `\helloworldfpga'.
Removed a total of 0 cells.

4.14.6. Executing OPT_RMDFF pass (remove dff with constant values).

4.14.7. Executing OPT_CLEAN pass (remove unused cells and wires).
Finding unused cells or wires in module \helloworldfpga..

4.14.8. Executing OPT_EXPR pass (perform const folding).
Optimizing module helloworldfpga.

4.14.9. Finished OPT passes. (There is nothing left to do.)

4.15. Executing WREDUCE pass (reducing word size of cells).

4.16. Executing PEEPOPT pass (run peephole optimizers).

4.17. Executing PMUXTREE pass.

4.18. Executing OPT_CLEAN pass (remove unused cells and wires).
Finding unused cells or wires in module \helloworldfpga..

4.19. Executing ALUMACC pass (create $alu and $macc cells).
Extracting $alu and $macc cells in module helloworldfpga:
  created 0 $alu and 0 $macc cells.

4.20. Executing OPT pass (performing simple optimizations).

4.20.1. Executing OPT_EXPR pass (perform const folding).
Optimizing module helloworldfpga.

4.20.2. Executing OPT_MERGE pass (detect identical cells).
Finding identical cells in module `\helloworldfpga'.
Removed a total of 0 cells.

4.20.3. Executing OPT_MUXTREE pass (detect dead branches in mux trees).
Running muxtree optimizer on module \helloworldfpga..
  Creating internal representation of mux trees.
  No muxes found in this module.
Removed 0 multiplexer ports.

4.20.4. Executing OPT_REDUCE pass (consolidate $*mux and $reduce_* inputs).
  Optimizing cells in module \helloworldfpga.
Performed a total of 0 changes.

4.20.5. Executing OPT_MERGE pass (detect identical cells).
Finding identical cells in module `\helloworldfpga'.
Removed a total of 0 cells.

4.20.6. Executing OPT_RMDFF pass (remove dff with constant values).

4.20.7. Executing OPT_CLEAN pass (remove unused cells and wires).
Finding unused cells or wires in module \helloworldfpga..

4.20.8. Executing OPT_EXPR pass (perform const folding).
Optimizing module helloworldfpga.

4.20.9. Finished OPT passes. (There is nothing left to do.)

4.21. Executing FSM pass (extract and optimize FSM).

4.21.1. Executing FSM_DETECT pass (finding FSMs in design).

4.21.2. Executing FSM_EXTRACT pass (extracting FSM from design).

4.21.3. Executing FSM_OPT pass (simple optimizations of FSMs).

4.21.4. Executing OPT_CLEAN pass (remove unused cells and wires).
Finding unused cells or wires in module \helloworldfpga..

4.21.5. Executing FSM_OPT pass (simple optimizations of FSMs).

4.21.6. Executing FSM_RECODE pass (re-assigning FSM state encoding).

4.21.7. Executing FSM_INFO pass (dumping all available information on FSM cells).

4.21.8. Executing FSM_MAP pass (mapping FSMs to basic logic).

4.22. Executing OPT pass (performing simple optimizations).

4.22.1. Executing OPT_EXPR pass (perform const folding).
Optimizing module helloworldfpga.

4.22.2. Executing OPT_MERGE pass (detect identical cells).
Finding identical cells in module `\helloworldfpga'.
Removed a total of 0 cells.

4.22.3. Executing OPT_RMDFF pass (remove dff with constant values).

4.22.4. Executing OPT_CLEAN pass (remove unused cells and wires).
Finding unused cells or wires in module \helloworldfpga..

4.22.5. Finished fast OPT passes.

4.23. Executing MEMORY pass.

4.23.1. Executing OPT_MEM pass (optimize memories).
Performed a total of 0 transformations.

4.23.2. Executing MEMORY_DFF pass (merging $dff cells to $memrd and $memwr).

4.23.3. Executing OPT_CLEAN pass (remove unused cells and wires).
Finding unused cells or wires in module \helloworldfpga..

4.23.4. Executing MEMORY_SHARE pass (consolidating $memrd/$memwr cells).

4.23.5. Executing OPT_CLEAN pass (remove unused cells and wires).
Finding unused cells or wires in module \helloworldfpga..

4.23.6. Executing MEMORY_COLLECT pass (generating $mem cells).

4.24. Executing OPT_CLEAN pass (remove unused cells and wires).
Finding unused cells or wires in module \helloworldfpga..

4.25. Executing MEMORY_BRAM pass (mapping $mem cells to block memories).

4.26. Executing PP3_BRAMINIT pass.
cell type $logic_or$/data/data/com.termux/files/home/fpga-examples/blink/helloworldfpga.v:27$2
cell type $logic_or$/data/data/com.termux/files/home/fpga-examples/blink/helloworldfpga.v:28$3

4.27. Executing TECHMAP pass (map to technology primitives).

4.27.1. Executing Verilog-2005 frontend: /bin/../share/yosys/quicklogic/pp3_brams_map.v
Parsing Verilog input from `/bin/../share/yosys/quicklogic/pp3_brams_map.v' to AST representation.
Generating RTLIL representation for module `\$__QUICKLOGIC_RAMB16K'.
/bin/../share/yosys/quicklogic/pp3_brams_map.v:21: Warning: Identifier `\VCC' is implicitly declared.
/bin/../share/yosys/quicklogic/pp3_brams_map.v:22: Warning: Identifier `\GND' is implicitly declared.
Generating RTLIL representation for module `\$__QUICKLOGIC_RAMB8K'.
/bin/../share/yosys/quicklogic/pp3_brams_map.v:235: Warning: Identifier `\GND' is implicitly declared.
/bin/../share/yosys/quicklogic/pp3_brams_map.v:236: Warning: Identifier `\VCC' is implicitly declared.
Generating RTLIL representation for module `\RAM_8K_BLK'.
/bin/../share/yosys/quicklogic/pp3_brams_map.v:538: Warning: Range [17:0] select out of bounds on signal `\out_reg0': Setting 2 MSB bits to undef.
Generating RTLIL representation for module `\RAM_16K_BLK'.
/bin/../share/yosys/quicklogic/pp3_brams_map.v:824: Warning: Range [35:0] select out of bounds on signal `\out_reg0': Setting 4 MSB bits to undef.
Generating RTLIL representation for module `\FIFO_8K_BLK'.
/bin/../share/yosys/quicklogic/pp3_brams_map.v:998: Warning: Range [35:0] select out of bounds on signal `\out_reg0': Setting 20 MSB bits to undef.
Generating RTLIL representation for module `\FIFO_16K_BLK'.
/bin/../share/yosys/quicklogic/pp3_brams_map.v:1249: Warning: Range [35:0] select out of bounds on signal `\out_reg0': Setting 4 MSB bits to undef.
Successfully finished Verilog frontend.

4.27.2. Continuing TECHMAP pass.
No more expansions possible.

4.28. Executing OPT pass (performing simple optimizations).

4.28.1. Executing OPT_EXPR pass (perform const folding).
Optimizing module helloworldfpga.

4.28.2. Executing OPT_MERGE pass (detect identical cells).
Finding identical cells in module `\helloworldfpga'.
Removed a total of 0 cells.

4.28.3. Executing OPT_RMDFF pass (remove dff with constant values).

4.28.4. Executing OPT_CLEAN pass (remove unused cells and wires).
Finding unused cells or wires in module \helloworldfpga..

4.28.5. Finished fast OPT passes.

4.29. Executing MEMORY_MAP pass (converting $mem cells to logic and flip-flops).

4.30. Executing OPT pass (performing simple optimizations).

4.30.1. Executing OPT_EXPR pass (perform const folding).
Optimizing module helloworldfpga.

4.30.2. Executing OPT_MERGE pass (detect identical cells).
Finding identical cells in module `\helloworldfpga'.
Removed a total of 0 cells.

4.30.3. Executing OPT_MUXTREE pass (detect dead branches in mux trees).
Running muxtree optimizer on module \helloworldfpga..
  Creating internal representation of mux trees.
  No muxes found in this module.
Removed 0 multiplexer ports.

4.30.4. Executing OPT_REDUCE pass (consolidate $*mux and $reduce_* inputs).
  Optimizing cells in module \helloworldfpga.
Performed a total of 0 changes.

4.30.5. Executing OPT_MERGE pass (detect identical cells).
Finding identical cells in module `\helloworldfpga'.
Removed a total of 0 cells.

4.30.6. Executing OPT_RMDFF pass (remove dff with constant values).

4.30.7. Executing OPT_CLEAN pass (remove unused cells and wires).
Finding unused cells or wires in module \helloworldfpga..

4.30.8. Executing OPT_EXPR pass (perform const folding).
Optimizing module helloworldfpga.

4.30.9. Finished OPT passes. (There is nothing left to do.)

4.31. Executing TECHMAP pass (map to technology primitives).

4.31.1. Executing Verilog-2005 frontend: /bin/../share/yosys/techmap.v
Parsing Verilog input from `/bin/../share/yosys/techmap.v' to AST representation.
Generating RTLIL representation for module `\_90_simplemap_bool_ops'.
Generating RTLIL representation for module `\_90_simplemap_reduce_ops'.
Generating RTLIL representation for module `\_90_simplemap_logic_ops'.
Generating RTLIL representation for module `\_90_simplemap_compare_ops'.
Generating RTLIL representation for module `\_90_simplemap_various'.
Generating RTLIL representation for module `\_90_simplemap_registers'.
Generating RTLIL representation for module `\_90_shift_ops_shr_shl_sshl_sshr'.
Generating RTLIL representation for module `\_90_shift_shiftx'.
Generating RTLIL representation for module `\_90_fa'.
Generating RTLIL representation for module `\_90_lcu'.
Generating RTLIL representation for module `\_90_alu'.
Generating RTLIL representation for module `\_90_macc'.
Generating RTLIL representation for module `\_90_alumacc'.
Generating RTLIL representation for module `\$__div_mod_u'.
Generating RTLIL representation for module `\$__div_mod_trunc'.
Generating RTLIL representation for module `\_90_div'.
Generating RTLIL representation for module `\_90_mod'.
Generating RTLIL representation for module `\$__div_mod_floor'.
Generating RTLIL representation for module `\_90_divfloor'.
Generating RTLIL representation for module `\_90_modfloor'.
Generating RTLIL representation for module `\_90_pow'.
Generating RTLIL representation for module `\_90_pmux'.
Generating RTLIL representation for module `\_90_lut'.
Successfully finished Verilog frontend.

4.31.2. Continuing TECHMAP pass.
Using extmapper simplemap for cells of type $logic_or.
No more expansions possible.
<suppressed ~2 debug messages>

4.32. Executing OPT pass (performing simple optimizations).

4.32.1. Executing OPT_EXPR pass (perform const folding).
Optimizing module helloworldfpga.

4.32.2. Executing OPT_MERGE pass (detect identical cells).
Finding identical cells in module `\helloworldfpga'.
Removed a total of 0 cells.

4.32.3. Executing OPT_RMDFF pass (remove dff with constant values).

4.32.4. Executing OPT_CLEAN pass (remove unused cells and wires).
Finding unused cells or wires in module \helloworldfpga..

4.32.5. Finished fast OPT passes.

4.33. Executing MUXCOVER pass (mapping to wider MUXes).
Covering MUX trees in module helloworldfpga..
  Treeifying 0 MUXes:
    Finished treeification: Found 0 trees.
  Covering trees:
  Added a total of 0 decoder MUXes.
<suppressed ~1 debug messages>

4.34. Executing OPT_EXPR pass (perform const folding).
Optimizing module helloworldfpga.

4.35. Executing OPT pass (performing simple optimizations).

4.35.1. Executing OPT_EXPR pass (perform const folding).
Optimizing module helloworldfpga.

4.35.2. Executing OPT_MERGE pass (detect identical cells).
Finding identical cells in module `\helloworldfpga'.
Removed a total of 0 cells.

4.35.3. Executing OPT_RMDFF pass (remove dff with constant values).

4.35.4. Executing OPT_CLEAN pass (remove unused cells and wires).
Finding unused cells or wires in module \helloworldfpga..

4.35.5. Finished fast OPT passes.

4.36. Executing OPT_EXPR pass (perform const folding).
Optimizing module helloworldfpga.

4.37. Executing OPT_MERGE pass (detect identical cells).
Finding identical cells in module `\helloworldfpga'.
Removed a total of 0 cells.

4.38. Executing OPT_RMDFF pass (remove dff with constant values).

4.39. Executing OPT_CLEAN pass (remove unused cells and wires).
Finding unused cells or wires in module \helloworldfpga..

4.40. Executing OPT pass (performing simple optimizations).

4.40.1. Executing OPT_EXPR pass (perform const folding).
Optimizing module helloworldfpga.

4.40.2. Executing OPT_MERGE pass (detect identical cells).
Finding identical cells in module `\helloworldfpga'.
Removed a total of 0 cells.

4.40.3. Executing OPT_MUXTREE pass (detect dead branches in mux trees).
Running muxtree optimizer on module \helloworldfpga..
  Creating internal representation of mux trees.
  No muxes found in this module.
Removed 0 multiplexer ports.

4.40.4. Executing OPT_REDUCE pass (consolidate $*mux and $reduce_* inputs).
  Optimizing cells in module \helloworldfpga.
Performed a total of 0 changes.

4.40.5. Executing OPT_MERGE pass (detect identical cells).
Finding identical cells in module `\helloworldfpga'.
Removed a total of 0 cells.

4.40.6. Executing OPT_RMDFF pass (remove dff with constant values).

4.40.7. Executing OPT_CLEAN pass (remove unused cells and wires).
Finding unused cells or wires in module \helloworldfpga..

4.40.8. Executing OPT_EXPR pass (perform const folding).
Optimizing module helloworldfpga.

4.40.9. Finished OPT passes. (There is nothing left to do.)

4.41. Executing OPT_EXPR pass (perform const folding).
Optimizing module helloworldfpga.

4.42. Executing DFF2DFFE pass (transform $dff to $dffe where applicable).
Transforming FF to FF+Enable cells in module helloworldfpga:

4.43. Executing TECHMAP pass (map to technology primitives).

4.43.1. Executing Verilog-2005 frontend: /bin/../share/yosys/quicklogic/pp3_ffs_map.v
Parsing Verilog input from `/bin/../share/yosys/quicklogic/pp3_ffs_map.v' to AST representation.
Generating RTLIL representation for module `\$_DFF_N_'.
Generating RTLIL representation for module `\$_DFF_P_'.
Generating RTLIL representation for module `\$_DFF_NN0_'.
Generating RTLIL representation for module `\$_DFF_NN1_'.
Generating RTLIL representation for module `\$_DFF_NP0_'.
Generating RTLIL representation for module `\$_DFF_NP1_'.
Generating RTLIL representation for module `\$_DFF_PN0_'.
Generating RTLIL representation for module `\$_DFF_PN1_'.
Generating RTLIL representation for module `\$_DFF_PP0_'.
Generating RTLIL representation for module `\$_DFF_PP1_'.
Generating RTLIL representation for module `\$_DFFSR_NPP_'.
Generating RTLIL representation for module `\$_DFFSR_PPP_'.
Generating RTLIL representation for module `\$_DFFE_NN_'.
Generating RTLIL representation for module `\$_DFFE_NP_'.
Generating RTLIL representation for module `\$_DFFE_PN_'.
Generating RTLIL representation for module `\$_DFFE_PP_'.
Successfully finished Verilog frontend.

4.43.2. Continuing TECHMAP pass.
No more expansions possible.

4.44. Executing OPT_EXPR pass (perform const folding).
Optimizing module helloworldfpga.

4.45. Executing SIMPLEMAP pass (map simple cells to gate primitives).

4.46. Executing OPT_EXPR pass (perform const folding).
Optimizing module helloworldfpga.

4.47. Executing OPT_MERGE pass (detect identical cells).
Finding identical cells in module `\helloworldfpga'.
Removed a total of 0 cells.

4.48. Executing OPT_RMDFF pass (remove dff with constant values).

4.49. Executing OPT_CLEAN pass (remove unused cells and wires).
Finding unused cells or wires in module \helloworldfpga..

4.50. Executing OPT pass (performing simple optimizations).

4.50.1. Executing OPT_EXPR pass (perform const folding).
Optimizing module helloworldfpga.

4.50.2. Executing OPT_MERGE pass (detect identical cells).
Finding identical cells in module `\helloworldfpga'.
Removed a total of 0 cells.

4.50.3. Executing OPT_MUXTREE pass (detect dead branches in mux trees).
Running muxtree optimizer on module \helloworldfpga..
  Creating internal representation of mux trees.
  No muxes found in this module.
Removed 0 multiplexer ports.

4.50.4. Executing OPT_REDUCE pass (consolidate $*mux and $reduce_* inputs).
  Optimizing cells in module \helloworldfpga.
Performed a total of 0 changes.

4.50.5. Executing OPT_MERGE pass (detect identical cells).
Finding identical cells in module `\helloworldfpga'.
Removed a total of 0 cells.

4.50.6. Executing OPT_RMDFF pass (remove dff with constant values).

4.50.7. Executing OPT_CLEAN pass (remove unused cells and wires).
Finding unused cells or wires in module \helloworldfpga..

4.50.8. Executing OPT_EXPR pass (perform const folding).
Optimizing module helloworldfpga.

4.50.9. Finished OPT passes. (There is nothing left to do.)

4.51. Executing TECHMAP pass (map to technology primitives).

4.51.1. Executing Verilog-2005 frontend: /bin/../share/yosys/quicklogic/pp3_latches_map.v
Parsing Verilog input from `/bin/../share/yosys/quicklogic/pp3_latches_map.v' to AST representation.
Generating RTLIL representation for module `\$_DLATCH_P_'.
Generating RTLIL representation for module `\$_DLATCH_N_'.
Generating RTLIL representation for module `\$_DLATCHSR_NNN_'.
Generating RTLIL representation for module `\$_DLATCHSR_NNP_'.
Generating RTLIL representation for module `\$_DLATCHSR_NPN_'.
Generating RTLIL representation for module `\$_DLATCHSR_NPP_'.
Generating RTLIL representation for module `\$_DLATCHSR_PNN_'.
Generating RTLIL representation for module `\$_DLATCHSR_PNP_'.
Generating RTLIL representation for module `\$_DLATCHSR_PPN_'.
Generating RTLIL representation for module `\$_DLATCHSR_PPP_'.
Successfully finished Verilog frontend.

4.51.2. Continuing TECHMAP pass.
No more expansions possible.

4.52. Executing ABC pass (technology mapping using ABC).

4.52.1. Extracting gate netlist of module `\helloworldfpga' to `<abc-temp-dir>/input.blif'..
Extracted 2 gates and 5 wires to a netlist network with 3 inputs and 2 outputs.

4.52.1.1. Executing ABC.
Running ABC command: <yosys-exe-dir>/yosys-abc -s -f <abc-temp-dir>/abc.script 2>&1
ABC: ABC command line: "source <abc-temp-dir>/abc.script".
ABC: 
ABC: + read_blif <abc-temp-dir>/input.blif 
ABC: + read_lut <abc-temp-dir>/lutdefs.txt 
ABC: + strash 
ABC: + ifraig 
ABC: + scorr 
ABC: Warning: The network is combinational (run "fraig" or "fraig_sweep").
ABC: + dc2 
ABC: + dretime 
ABC: + strash 
ABC: + dch -f 
ABC: + if 
ABC: + mfs2 
ABC: + write_blif <abc-temp-dir>/output.blif 

4.52.1.2. Re-integrating ABC results.
ABC RESULTS:              $lut cells:        2
ABC RESULTS:        internal signals:        0
ABC RESULTS:           input signals:        3
ABC RESULTS:          output signals:        2
Removing temp directory.

4.53. Executing TECHMAP pass (map to technology primitives).

4.53.1. Executing Verilog-2005 frontend: /bin/../share/yosys/quicklogic/pp3_ffs_map.v
Parsing Verilog input from `/bin/../share/yosys/quicklogic/pp3_ffs_map.v' to AST representation.
Generating RTLIL representation for module `\$_DFF_N_'.
Generating RTLIL representation for module `\$_DFF_P_'.
Generating RTLIL representation for module `\$_DFF_NN0_'.
Generating RTLIL representation for module `\$_DFF_NN1_'.
Generating RTLIL representation for module `\$_DFF_NP0_'.
Generating RTLIL representation for module `\$_DFF_NP1_'.
Generating RTLIL representation for module `\$_DFF_PN0_'.
Generating RTLIL representation for module `\$_DFF_PN1_'.
Generating RTLIL representation for module `\$_DFF_PP0_'.
Generating RTLIL representation for module `\$_DFF_PP1_'.
Generating RTLIL representation for module `\$_DFFSR_NPP_'.
Generating RTLIL representation for module `\$_DFFSR_PPP_'.
Generating RTLIL representation for module `\$_DFFE_NN_'.
Generating RTLIL representation for module `\$_DFFE_NP_'.
Generating RTLIL representation for module `\$_DFFE_PN_'.
Generating RTLIL representation for module `\$_DFFE_PP_'.
Successfully finished Verilog frontend.

4.53.2. Continuing TECHMAP pass.
No more expansions possible.
Removed 0 unused cells and 5 unused wires.

4.54. Executing TECHMAP pass (map to technology primitives).

4.54.1. Executing Verilog-2005 frontend: /bin/../share/yosys/quicklogic/pp3_cells_map.v
Parsing Verilog input from `/bin/../share/yosys/quicklogic/pp3_cells_map.v' to AST representation.
Generating RTLIL representation for module `\$_MUX8_'.
Generating RTLIL representation for module `\$_MUX4_'.
Generating RTLIL representation for module `\$_MUX_'.
Generating RTLIL representation for module `\$_NOT_'.
Generating RTLIL representation for module `\qlal4s3_mult_16x16_cell'.
/bin/../share/yosys/quicklogic/pp3_cells_map.v:44: Warning: Identifier `\Valid_mult_w' is implicitly declared.
Successfully finished Verilog frontend.

4.54.2. Executing Verilog-2005 frontend: /bin/../share/yosys/quicklogic/pp3_lut_map.v
Parsing Verilog input from `/bin/../share/yosys/quicklogic/pp3_lut_map.v' to AST representation.
Generating RTLIL representation for module `\$lut'.
Successfully finished Verilog frontend.

4.54.3. Continuing TECHMAP pass.
Using template $paramod\$lut\WIDTH=2\LUT=4'1110 for cells of type $lut.
No more expansions possible.
<suppressed ~15 debug messages>
Removed 0 unused cells and 4 unused wires.

4.55. Executing Quicklogic_EQN pass (calculate equations for luts).

4.56. Updated 2 of LUT* elements with equation.

4.57. Executing AUTONAME pass.
Renamed 2 objects in module helloworldfpga (2 iterations).
<suppressed ~2 debug messages>

4.58. Executing HIERARCHY pass (managing design hierarchy).

4.58.1. Analyzing design hierarchy..
Top module:  \helloworldfpga

4.58.2. Analyzing design hierarchy..
Top module:  \helloworldfpga
Removed 0 unused modules.

4.59. Printing statistics.

=== helloworldfpga ===

   Number of wires:                  6
   Number of wire bits:              6
   Number of public wires:           6
   Number of public wire bits:       6
   Number of memories:               0
   Number of memory bits:            0
   Number of processes:              0
   Number of cells:                  2
     LUT2                            2

4.60. Executing CHECK pass (checking for obvious problems).
checking module helloworldfpga..
found and reported 0 problems.

4.61. Executing CLKBUFMAP pass (inserting global clock buffers).

4.62. Executing IOPADMAP pass (mapping inputs/outputs to IO-PAD cells).
Mapping port helloworldfpga.A using outpad.
Mapping port helloworldfpga.B using outpad.
Mapping port helloworldfpga.W using inpad.
Mapping port helloworldfpga.X using inpad.
Mapping port helloworldfpga.Y using inpad.
Mapping port helloworldfpga.Z using inpad.

4.63. Executing SPLITNETS pass (splitting up multi-bit signals).

4.64. Executing SETUNDEF pass (replace undef values with defined constants).

4.65. Executing HILOMAP pass (mapping to constant drivers).

4.66. Executing OPT_CLEAN pass (remove unused cells and wires).
Finding unused cells or wires in module \helloworldfpga..

4.67. Executing CHECK pass (checking for obvious problems).
checking module helloworldfpga..
found and reported 0 problems.

5. Printing statistics.

=== helloworldfpga ===

   Number of wires:                 12
   Number of wire bits:             12
   Number of public wires:           6
   Number of public wire bits:       6
   Number of memories:               0
   Number of memory bits:            0
   Number of processes:              0
   Number of cells:                  8
     LUT2                            2
     inpad                           4
     outpad                          2

Loading PCF from '/data/data/com.termux/files/home/fpga-examples/blink/quickfeather.pcf'...
Loading pinmap CSV from '/data/data/com.termux/files/home/symbiflow/quicklogic-arch-defs/share/arch/ql-eos-s3_wlcsp/pinmap_PU64.csv'...
Processing cells...
  type       | net        | pad        | loc      | type     | instance
 ------------+------------+------------+----------+----------+-----------
  outpad     | A          | 3          | X12Y3    | BIDIR    | $iopadmap$helloworldfpga.A
  outpad     | B          | 64         | X14Y3    | BIDIR    | $iopadmap$helloworldfpga.B
  inpad      | W          | 56         | X28Y3    | BIDIR    | $iopadmap$helloworldfpga.W
  inpad      | X          | 33         | X20Y32   | BIDIR    | $iopadmap$helloworldfpga.X
  inpad      | Y          | 27         | X10Y32   | BIDIR    | $iopadmap$helloworldfpga.Y
  inpad      | Z          | 23         | X4Y32    | BIDIR    | $iopadmap$helloworldfpga.Z

6. Executing Verilog backend.
Dumping module `\helloworldfpga'.

7. Executing TECHMAP pass (map to technology primitives).

7.1. Executing Verilog-2005 frontend: /data/data/com.termux/files/home/symbiflow/quicklogic-arch-defs/share/techmaps/quicklogic/pp3/techmap/cells_map.v
Parsing Verilog input from `/data/data/com.termux/files/home/symbiflow/quicklogic-arch-defs/share/techmaps/quicklogic/pp3/techmap/cells_map.v' to AST representation.
Generating RTLIL representation for module `\logic_0'.
Generating RTLIL representation for module `\logic_1'.
Generating RTLIL representation for module `\inpad'.
Generating RTLIL representation for module `\outpad'.
Generating RTLIL representation for module `\bipad'.
Generating RTLIL representation for module `\ckpad'.
Generating RTLIL representation for module `\qhsckibuff'.
Generating RTLIL representation for module `\qhsckbuff'.
Generating RTLIL representation for module `\gclkbuff'.
Generating RTLIL representation for module `\logic_cell_macro'.
Generating RTLIL representation for module `\inv'.
Generating RTLIL representation for module `\mux2x0'.
Generating RTLIL representation for module `\mux4x0'.
Generating RTLIL representation for module `\mux8x0'.
Generating RTLIL representation for module `\LUT1'.
Generating RTLIL representation for module `\LUT2'.
Generating RTLIL representation for module `\LUT3'.
Generating RTLIL representation for module `\LUT4'.
Generating RTLIL representation for module `\dff'.
Generating RTLIL representation for module `\dffc'.
Generating RTLIL representation for module `\dffp'.
Generating RTLIL representation for module `\dffpc'.
Generating RTLIL representation for module `\dffe'.
Generating RTLIL representation for module `\dffec'.
Generating RTLIL representation for module `\dffepc'.
Generating RTLIL representation for module `\dffsc'.
Generating RTLIL representation for module `\qlal4s3b_cell_macro'.
Generating RTLIL representation for module `\qlal4s3_mult_32x32_cell'.
Generating RTLIL representation for module `\qlal4s3_mult_16x16_cell'.
Generating RTLIL representation for module `\qlal4s3_mult_cell_macro'.
Successfully finished Verilog frontend.

7.2. Continuing TECHMAP pass.
No more expansions possible.

8. Executing TECHMAP pass (map to technology primitives).

8.1. Executing Verilog-2005 frontend: /data/data/com.termux/files/home/symbiflow/quicklogic-arch-defs/share/techmaps/quicklogic/pp3/techmap/cells_map.v
Parsing Verilog input from `/data/data/com.termux/files/home/symbiflow/quicklogic-arch-defs/share/techmaps/quicklogic/pp3/techmap/cells_map.v' to AST representation.
Generating RTLIL representation for module `\logic_0'.
Generating RTLIL representation for module `\logic_1'.
Generating RTLIL representation for module `\inpad'.
Generating RTLIL representation for module `\outpad'.
Generating RTLIL representation for module `\bipad'.
Generating RTLIL representation for module `\ckpad'.
Generating RTLIL representation for module `\qhsckibuff'.
Generating RTLIL representation for module `\qhsckbuff'.
Generating RTLIL representation for module `\gclkbuff'.
Generating RTLIL representation for module `\logic_cell_macro'.
Generating RTLIL representation for module `\inv'.
Generating RTLIL representation for module `\mux2x0'.
Generating RTLIL representation for module `\mux4x0'.
Generating RTLIL representation for module `\mux8x0'.
Generating RTLIL representation for module `\LUT1'.
Generating RTLIL representation for module `\LUT2'.
Generating RTLIL representation for module `\LUT3'.
Generating RTLIL representation for module `\LUT4'.
Generating RTLIL representation for module `\dff'.
Generating RTLIL representation for module `\dffc'.
Generating RTLIL representation for module `\dffp'.
Generating RTLIL representation for module `\dffpc'.
Generating RTLIL representation for module `\dffe'.
Generating RTLIL representation for module `\dffec'.
Generating RTLIL representation for module `\dffepc'.
Generating RTLIL representation for module `\dffsc'.
Generating RTLIL representation for module `\qlal4s3b_cell_macro'.
Generating RTLIL representation for module `\qlal4s3_mult_32x32_cell'.
Generating RTLIL representation for module `\qlal4s3_mult_16x16_cell'.
Generating RTLIL representation for module `\qlal4s3_mult_cell_macro'.
Successfully finished Verilog frontend.

8.2. Continuing TECHMAP pass.
Using template $paramod$015025681cdfe240841a43078d1bf56412ef4b33\inpad for cells of type inpad.
Using template $paramod$2ad60ae6cd0b8cd11192048bc3436e1efe622ce5\inpad for cells of type inpad.
Using template $paramod$03eed137224500a5a8c1bb8d02f1b39dd96a7b82\LUT2 for cells of type LUT2.
Using template $paramod$adb3e2998d36d23e78e72d530fe94019908a146e\inpad for cells of type inpad.
Using template $paramod$3494bf91dff70d828c5f5312272dede938de1112\outpad for cells of type outpad.
Using template $paramod$c599e89c9780e796e92f510903bafaf1550744d3\inpad for cells of type inpad.
Using template $paramod$03fa78d84bd5e07f6e124fa217a4ce84543d615a\outpad for cells of type outpad.
No more expansions possible.
<suppressed ~111 debug messages>

9. Executing TECHMAP pass (map to technology primitives).

9.1. Executing Verilog-2005 frontend: /data/data/com.termux/files/home/symbiflow/quicklogic-arch-defs/bin/../share/arch/ql-eos-s3_wlcsp/cells/ram_map.v
Parsing Verilog input from `/data/data/com.termux/files/home/symbiflow/quicklogic-arch-defs/bin/../share/arch/ql-eos-s3_wlcsp/cells/ram_map.v' to AST representation.
Generating RTLIL representation for module `\ram8k_2x1_cell_macro'.
Successfully finished Verilog frontend.

9.2. Continuing TECHMAP pass.
No more expansions possible.

10. Executing OPT_EXPR pass (perform const folding).
Optimizing module helloworldfpga.
<suppressed ~6 debug messages>

11. Executing OPT_CLEAN pass (remove unused cells and wires).
Finding unused cells or wires in module \helloworldfpga..
Removed 1 unused cells and 16 unused wires.
<suppressed ~2 debug messages>

12. Executing SETUNDEF pass (replace undef values with defined constants).

13. Printing statistics.

=== helloworldfpga ===

   Number of wires:                 26
   Number of wire bits:             26
   Number of public wires:          24
   Number of public wire bits:      24
   Number of memories:               0
   Number of memory bits:            0
   Number of processes:              0
   Number of cells:                  7
     BIDIR_CELL                      5
     T_FRAG                          2

14. Executing JSON backend.

15. Executing Verilog backend.
Dumping module `\helloworldfpga'.

Warnings: 10 unique messages, 13 total
End of script. Logfile hash: f1d46e6e8e, CPU: user 8.55s system 0.41s, MEM: 234.42 MB peak
Yosys 0.9+2406 (git sha1 ca763e6d5, gcc 10.2.1-6 -fPIC -Os)
Time spent: 67% 18x read_verilog (6 sec), 8% 21x opt_clean (0 sec), ...
