#Timing report of worst 2 path(s)
# Unit scale: 1e-09 seconds
# Output precision: 3

#Path 1
Startpoint: Z.inpad[0] (.input clocked by virtual_io_clock)
Endpoint  : out:A.outpad[0] (.output clocked by virtual_io_clock)
Path Type : setup

Point                                                                        Incr      Path
-------------------------------------------------------------------------------------------
clock virtual_io_clock (rise edge)                                          0.000     0.000
clock source latency                                                        0.000     0.000
input external delay                                                        0.000     0.000
Z.inpad[0] (.input)                                                         0.000     0.000
$iopadmap$helloworldfpga.Z.I_PAD_$inp[0] (BIDIR_CELL)                       0.000     0.000
$iopadmap$helloworldfpga.Z.I_DAT[0] (BIDIR_CELL)                           10.958    10.958
A_LUT2_O.t_frag.XSL[0] (T_FRAG)                                             7.904    18.862
A_LUT2_O.t_frag.XZ[0] (T_FRAG)                                              1.462    20.324
$iopadmap$helloworldfpga.A.O_DAT[0] (BIDIR_CELL)                            9.382    29.706
$iopadmap$helloworldfpga.A.O_PAD_$out[0] (BIDIR_CELL)                       9.809    39.515
out:A.outpad[0] (.output)                                                   0.000    39.515
data arrival time                                                                    39.515

clock virtual_io_clock (rise edge)                                          0.000     0.000
clock source latency                                                        0.000     0.000
clock uncertainty                                                           0.000     0.000
output external delay                                                       0.000     0.000
data required time                                                                    0.000
-------------------------------------------------------------------------------------------
data required time                                                                    0.000
data arrival time                                                                   -39.515
-------------------------------------------------------------------------------------------
slack (VIOLATED)                                                                    -39.515


#Path 2
Startpoint: Z.inpad[0] (.input clocked by virtual_io_clock)
Endpoint  : out:B.outpad[0] (.output clocked by virtual_io_clock)
Path Type : setup

Point                                                                        Incr      Path
-------------------------------------------------------------------------------------------
clock virtual_io_clock (rise edge)                                          0.000     0.000
clock source latency                                                        0.000     0.000
input external delay                                                        0.000     0.000
Z.inpad[0] (.input)                                                         0.000     0.000
$iopadmap$helloworldfpga.Z.I_PAD_$inp[0] (BIDIR_CELL)                       0.000     0.000
$iopadmap$helloworldfpga.Z.I_DAT[0] (BIDIR_CELL)                           10.958    10.958
B_LUT2_O.t_frag.XAB[0] (T_FRAG)                                             7.905    18.863
B_LUT2_O.t_frag.XZ[0] (T_FRAG)                                              1.251    20.115
$iopadmap$helloworldfpga.B.O_DAT[0] (BIDIR_CELL)                            8.012    28.126
$iopadmap$helloworldfpga.B.O_PAD_$out[0] (BIDIR_CELL)                       9.809    37.935
out:B.outpad[0] (.output)                                                   0.000    37.935
data arrival time                                                                    37.935

clock virtual_io_clock (rise edge)                                          0.000     0.000
clock source latency                                                        0.000     0.000
clock uncertainty                                                           0.000     0.000
output external delay                                                       0.000     0.000
data required time                                                                    0.000
-------------------------------------------------------------------------------------------
data required time                                                                    0.000
data arrival time                                                                   -37.935
-------------------------------------------------------------------------------------------
slack (VIOLATED)                                                                    -37.935


#End of timing report
