#Timing report of worst 2 path(s)
# Unit scale: 1e-09 seconds
# Output precision: 3

#Path 1
Startpoint: Y.inpad[0] (.input clocked by virtual_io_clock)
Endpoint  : out:B.outpad[0] (.output clocked by virtual_io_clock)
Path Type : hold

Point                                                                        Incr      Path
-------------------------------------------------------------------------------------------
clock virtual_io_clock (rise edge)                                          0.000     0.000
clock source latency                                                        0.000     0.000
input external delay                                                        0.000     0.000
Y.inpad[0] (.input)                                                         0.000     0.000
$iopadmap$helloworldfpga.Y.I_PAD_$inp[0] (BIDIR_CELL)                       0.000     0.000
$iopadmap$helloworldfpga.Y.I_DAT[0] (BIDIR_CELL)                           10.153    10.153
B_LUT2_O.t_frag.XSL[0] (T_FRAG)                                             5.347    15.500
B_LUT2_O.t_frag.XZ[0] (T_FRAG)                                              0.975    16.475
$iopadmap$helloworldfpga.B.O_DAT[0] (BIDIR_CELL)                            8.012    24.487
$iopadmap$helloworldfpga.B.O_PAD_$out[0] (BIDIR_CELL)                       9.726    34.213
out:B.outpad[0] (.output)                                                   0.000    34.213
data arrival time                                                                    34.213

clock virtual_io_clock (rise edge)                                          0.000     0.000
clock source latency                                                        0.000     0.000
clock uncertainty                                                           0.000     0.000
output external delay                                                       0.000     0.000
data required time                                                                    0.000
-------------------------------------------------------------------------------------------
data required time                                                                   -0.000
data arrival time                                                                    34.213
-------------------------------------------------------------------------------------------
slack (MET)                                                                          34.213


#Path 2
Startpoint: X.inpad[0] (.input clocked by virtual_io_clock)
Endpoint  : out:A.outpad[0] (.output clocked by virtual_io_clock)
Path Type : hold

Point                                                                        Incr      Path
-------------------------------------------------------------------------------------------
clock virtual_io_clock (rise edge)                                          0.000     0.000
clock source latency                                                        0.000     0.000
input external delay                                                        0.000     0.000
X.inpad[0] (.input)                                                         0.000     0.000
$iopadmap$helloworldfpga.X.I_PAD_$inp[0] (BIDIR_CELL)                       0.000     0.000
$iopadmap$helloworldfpga.X.I_DAT[0] (BIDIR_CELL)                           10.153    10.153
A_LUT2_O.t_frag.XAB[0] (T_FRAG)                                             6.561    16.714
A_LUT2_O.t_frag.XZ[0] (T_FRAG)                                              0.909    17.623
$iopadmap$helloworldfpga.A.O_DAT[0] (BIDIR_CELL)                            9.382    27.005
$iopadmap$helloworldfpga.A.O_PAD_$out[0] (BIDIR_CELL)                       9.726    36.731
out:A.outpad[0] (.output)                                                   0.000    36.731
data arrival time                                                                    36.731

clock virtual_io_clock (rise edge)                                          0.000     0.000
clock source latency                                                        0.000     0.000
clock uncertainty                                                           0.000     0.000
output external delay                                                       0.000     0.000
data required time                                                                    0.000
-------------------------------------------------------------------------------------------
data required time                                                                   -0.000
data arrival time                                                                    36.731
-------------------------------------------------------------------------------------------
slack (MET)                                                                          36.731


#End of timing report
